I, [2017-05-12T12:30:20.031480 #8269]  INFO -- cmdbuild-ubuntu: -----> Creating <cmdbuild-ubuntu>...
I, [2017-05-12T12:30:20.299514 #8269]  INFO -- cmdbuild-ubuntu: Detected platform: ubuntu version 16.04 on x86_64. Instance Type: t2.small. Default username: ubuntu (default).
I, [2017-05-12T12:30:20.299615 #8269]  INFO -- cmdbuild-ubuntu: If you are not using an account that qualifies under the AWS
free-tier, you may be charged to run these suites. The charge
should be minimal, but neither Test Kitchen nor its maintainers
are responsible for your incurred costs.

E, [2017-05-12T12:30:20.658609 #8269] ERROR -- cmdbuild-ubuntu: Create failed on instance <cmdbuild-ubuntu>.
E, [2017-05-12T12:30:20.658743 #8269] ERROR -- cmdbuild-ubuntu: ------Exception-------
E, [2017-05-12T12:30:20.658760 #8269] ERROR -- cmdbuild-ubuntu: Class: Aws::EC2::Errors::InstanceLimitExceeded
E, [2017-05-12T12:30:20.658770 #8269] ERROR -- cmdbuild-ubuntu: Message: You have requested more instances (1) than your current instance limit of 0 allows for the specified instance type. Please visit http://aws.amazon.com/contact-us/ec2-request to request an adjustment to this limit.
E, [2017-05-12T12:30:20.658779 #8269] ERROR -- cmdbuild-ubuntu: ----------------------
E, [2017-05-12T12:30:20.658787 #8269] ERROR -- cmdbuild-ubuntu: ------Backtrace-------
E, [2017-05-12T12:30:20.658794 #8269] ERROR -- cmdbuild-ubuntu: /home/gleb/.rbenv/versions/2.4.0/lib/ruby/gems/2.4.0/gems/aws-sdk-core-2.9.16/lib/seahorse/client/plugins/raise_response_errors.rb:15:in `call'
E, [2017-05-12T12:30:20.658802 #8269] ERROR -- cmdbuild-ubuntu: /home/gleb/.rbenv/versions/2.4.0/lib/ruby/gems/2.4.0/gems/aws-sdk-core-2.9.16/lib/aws-sdk-core/plugins/jsonvalue_converter.rb:20:in `call'
E, [2017-05-12T12:30:20.658809 #8269] ERROR -- cmdbuild-ubuntu: /home/gleb/.rbenv/versions/2.4.0/lib/ruby/gems/2.4.0/gems/aws-sdk-core-2.9.16/lib/aws-sdk-core/plugins/idempotency_token.rb:18:in `call'
E, [2017-05-12T12:30:20.658817 #8269] ERROR -- cmdbuild-ubuntu: /home/gleb/.rbenv/versions/2.4.0/lib/ruby/gems/2.4.0/gems/aws-sdk-core-2.9.16/lib/aws-sdk-core/plugins/param_converter.rb:20:in `call'
E, [2017-05-12T12:30:20.658831 #8269] ERROR -- cmdbuild-ubuntu: /home/gleb/.rbenv/versions/2.4.0/lib/ruby/gems/2.4.0/gems/aws-sdk-core-2.9.16/lib/seahorse/client/plugins/response_target.rb:21:in `call'
E, [2017-05-12T12:30:20.658841 #8269] ERROR -- cmdbuild-ubuntu: /home/gleb/.rbenv/versions/2.4.0/lib/ruby/gems/2.4.0/gems/aws-sdk-core-2.9.16/lib/seahorse/client/request.rb:70:in `send_request'
E, [2017-05-12T12:30:20.658849 #8269] ERROR -- cmdbuild-ubuntu: /home/gleb/.rbenv/versions/2.4.0/lib/ruby/gems/2.4.0/gems/aws-sdk-core-2.9.16/lib/seahorse/client/base.rb:207:in `block (2 levels) in define_operation_methods'
E, [2017-05-12T12:30:20.658857 #8269] ERROR -- cmdbuild-ubuntu: /home/gleb/.rbenv/versions/2.4.0/lib/ruby/gems/2.4.0/gems/aws-sdk-resources-2.9.16/lib/aws-sdk-resources/request.rb:24:in `call'
E, [2017-05-12T12:30:20.658865 #8269] ERROR -- cmdbuild-ubuntu: /home/gleb/.rbenv/versions/2.4.0/lib/ruby/gems/2.4.0/gems/aws-sdk-resources-2.9.16/lib/aws-sdk-resources/operations.rb:41:in `call'
E, [2017-05-12T12:30:20.658873 #8269] ERROR -- cmdbuild-ubuntu: /home/gleb/.rbenv/versions/2.4.0/lib/ruby/gems/2.4.0/gems/aws-sdk-resources-2.9.16/lib/aws-sdk-resources/operations.rb:87:in `call'
E, [2017-05-12T12:30:20.658881 #8269] ERROR -- cmdbuild-ubuntu: /home/gleb/.rbenv/versions/2.4.0/lib/ruby/gems/2.4.0/gems/aws-sdk-resources-2.9.16/lib/aws-sdk-resources/operation_methods.rb:19:in `block in add_operation'
E, [2017-05-12T12:30:20.658888 #8269] ERROR -- cmdbuild-ubuntu: /home/gleb/.rbenv/versions/2.4.0/lib/ruby/gems/2.4.0/gems/kitchen-ec2-1.3.2/lib/kitchen/driver/aws/client.rb:103:in `create_instance'
E, [2017-05-12T12:30:20.658896 #8269] ERROR -- cmdbuild-ubuntu: /home/gleb/.rbenv/versions/2.4.0/lib/ruby/gems/2.4.0/gems/kitchen-ec2-1.3.2/lib/kitchen/driver/ec2.rb:345:in `submit_server'
E, [2017-05-12T12:30:20.658904 #8269] ERROR -- cmdbuild-ubuntu: /home/gleb/.rbenv/versions/2.4.0/lib/ruby/gems/2.4.0/gems/kitchen-ec2-1.3.2/lib/kitchen/driver/ec2.rb:186:in `create'
E, [2017-05-12T12:30:20.658923 #8269] ERROR -- cmdbuild-ubuntu: /home/gleb/.rbenv/versions/2.4.0/lib/ruby/gems/2.4.0/gems/test-kitchen-1.16.0/lib/kitchen/instance.rb:460:in `public_send'
E, [2017-05-12T12:30:20.658932 #8269] ERROR -- cmdbuild-ubuntu: /home/gleb/.rbenv/versions/2.4.0/lib/ruby/gems/2.4.0/gems/test-kitchen-1.16.0/lib/kitchen/instance.rb:460:in `block in perform_action'
E, [2017-05-12T12:30:20.658940 #8269] ERROR -- cmdbuild-ubuntu: /home/gleb/.rbenv/versions/2.4.0/lib/ruby/gems/2.4.0/gems/test-kitchen-1.16.0/lib/kitchen/instance.rb:527:in `synchronize_or_call'
E, [2017-05-12T12:30:20.658948 #8269] ERROR -- cmdbuild-ubuntu: /home/gleb/.rbenv/versions/2.4.0/lib/ruby/gems/2.4.0/gems/test-kitchen-1.16.0/lib/kitchen/instance.rb:489:in `block in action'
E, [2017-05-12T12:30:20.658955 #8269] ERROR -- cmdbuild-ubuntu: /home/gleb/.rbenv/versions/2.4.0/lib/ruby/2.4.0/benchmark.rb:293:in `measure'
E, [2017-05-12T12:30:20.658963 #8269] ERROR -- cmdbuild-ubuntu: /home/gleb/.rbenv/versions/2.4.0/lib/ruby/gems/2.4.0/gems/test-kitchen-1.16.0/lib/kitchen/instance.rb:488:in `action'
E, [2017-05-12T12:30:20.658970 #8269] ERROR -- cmdbuild-ubuntu: /home/gleb/.rbenv/versions/2.4.0/lib/ruby/gems/2.4.0/gems/test-kitchen-1.16.0/lib/kitchen/instance.rb:460:in `perform_action'
E, [2017-05-12T12:30:20.658978 #8269] ERROR -- cmdbuild-ubuntu: /home/gleb/.rbenv/versions/2.4.0/lib/ruby/gems/2.4.0/gems/test-kitchen-1.16.0/lib/kitchen/instance.rb:370:in `create_action'
E, [2017-05-12T12:30:20.658985 #8269] ERROR -- cmdbuild-ubuntu: /home/gleb/.rbenv/versions/2.4.0/lib/ruby/gems/2.4.0/gems/test-kitchen-1.16.0/lib/kitchen/instance.rb:359:in `block in transition_to'
E, [2017-05-12T12:30:20.658993 #8269] ERROR -- cmdbuild-ubuntu: /home/gleb/.rbenv/versions/2.4.0/lib/ruby/gems/2.4.0/gems/test-kitchen-1.16.0/lib/kitchen/instance.rb:358:in `each'
E, [2017-05-12T12:30:20.659003 #8269] ERROR -- cmdbuild-ubuntu: /home/gleb/.rbenv/versions/2.4.0/lib/ruby/gems/2.4.0/gems/test-kitchen-1.16.0/lib/kitchen/instance.rb:358:in `transition_to'
E, [2017-05-12T12:30:20.659011 #8269] ERROR -- cmdbuild-ubuntu: /home/gleb/.rbenv/versions/2.4.0/lib/ruby/gems/2.4.0/gems/test-kitchen-1.16.0/lib/kitchen/instance.rb:157:in `verify'
E, [2017-05-12T12:30:20.659019 #8269] ERROR -- cmdbuild-ubuntu: /home/gleb/.rbenv/versions/2.4.0/lib/ruby/gems/2.4.0/gems/test-kitchen-1.16.0/lib/kitchen/command.rb:197:in `public_send'
E, [2017-05-12T12:30:20.659027 #8269] ERROR -- cmdbuild-ubuntu: /home/gleb/.rbenv/versions/2.4.0/lib/ruby/gems/2.4.0/gems/test-kitchen-1.16.0/lib/kitchen/command.rb:197:in `run_action_in_thread'
E, [2017-05-12T12:30:20.659034 #8269] ERROR -- cmdbuild-ubuntu: /home/gleb/.rbenv/versions/2.4.0/lib/ruby/gems/2.4.0/gems/test-kitchen-1.16.0/lib/kitchen/command.rb:169:in `block (2 levels) in run_action'
E, [2017-05-12T12:30:20.659042 #8269] ERROR -- cmdbuild-ubuntu: ----End Backtrace-----
