I, [2017-05-12T12:30:14.528345 #8269]  INFO -- Kitchen: -----> Starting Kitchen (v1.16.0)
I, [2017-05-12T12:30:20.031427 #8269]  INFO -- Kitchen: -----> Creating <cmdbuild-ubuntu>...
E, [2017-05-12T12:30:20.659679 #8269] ERROR -- Kitchen: ------Exception-------
E, [2017-05-12T12:30:20.659713 #8269] ERROR -- Kitchen: Class: Kitchen::ActionFailed
E, [2017-05-12T12:30:20.659726 #8269] ERROR -- Kitchen: Message: 1 actions failed.
>>>>>>     Failed to complete #create action: [You have requested more instances (1) than your current instance limit of 0 allows for the specified instance type. Please visit http://aws.amazon.com/contact-us/ec2-request to request an adjustment to this limit.] on cmdbuild-ubuntu
E, [2017-05-12T12:30:20.659737 #8269] ERROR -- Kitchen: ----------------------
E, [2017-05-12T12:30:20.659747 #8269] ERROR -- Kitchen: ------Backtrace-------
E, [2017-05-12T12:30:20.659765 #8269] ERROR -- Kitchen: /home/gleb/.rbenv/versions/2.4.0/lib/ruby/gems/2.4.0/gems/test-kitchen-1.16.0/lib/kitchen/command.rb:183:in `report_errors'
E, [2017-05-12T12:30:20.659776 #8269] ERROR -- Kitchen: /home/gleb/.rbenv/versions/2.4.0/lib/ruby/gems/2.4.0/gems/test-kitchen-1.16.0/lib/kitchen/command.rb:174:in `run_action'
E, [2017-05-12T12:30:20.659785 #8269] ERROR -- Kitchen: /home/gleb/.rbenv/versions/2.4.0/lib/ruby/gems/2.4.0/gems/test-kitchen-1.16.0/lib/kitchen/command/action.rb:36:in `block in call'
E, [2017-05-12T12:30:20.659794 #8269] ERROR -- Kitchen: /home/gleb/.rbenv/versions/2.4.0/lib/ruby/2.4.0/benchmark.rb:293:in `measure'
E, [2017-05-12T12:30:20.659803 #8269] ERROR -- Kitchen: /home/gleb/.rbenv/versions/2.4.0/lib/ruby/gems/2.4.0/gems/test-kitchen-1.16.0/lib/kitchen/command/action.rb:34:in `call'
E, [2017-05-12T12:30:20.659812 #8269] ERROR -- Kitchen: /home/gleb/.rbenv/versions/2.4.0/lib/ruby/gems/2.4.0/gems/test-kitchen-1.16.0/lib/kitchen/cli.rb:53:in `perform'
E, [2017-05-12T12:30:20.659821 #8269] ERROR -- Kitchen: /home/gleb/.rbenv/versions/2.4.0/lib/ruby/gems/2.4.0/gems/test-kitchen-1.16.0/lib/kitchen/cli.rb:187:in `block (2 levels) in <class:CLI>'
E, [2017-05-12T12:30:20.659830 #8269] ERROR -- Kitchen: /home/gleb/.rbenv/versions/2.4.0/lib/ruby/gems/2.4.0/gems/thor-0.19.1/lib/thor/command.rb:27:in `run'
E, [2017-05-12T12:30:20.659839 #8269] ERROR -- Kitchen: /home/gleb/.rbenv/versions/2.4.0/lib/ruby/gems/2.4.0/gems/thor-0.19.1/lib/thor/invocation.rb:126:in `invoke_command'
E, [2017-05-12T12:30:20.659848 #8269] ERROR -- Kitchen: /home/gleb/.rbenv/versions/2.4.0/lib/ruby/gems/2.4.0/gems/test-kitchen-1.16.0/lib/kitchen/cli.rb:334:in `invoke_task'
E, [2017-05-12T12:30:20.659857 #8269] ERROR -- Kitchen: /home/gleb/.rbenv/versions/2.4.0/lib/ruby/gems/2.4.0/gems/thor-0.19.1/lib/thor.rb:359:in `dispatch'
E, [2017-05-12T12:30:20.659865 #8269] ERROR -- Kitchen: /home/gleb/.rbenv/versions/2.4.0/lib/ruby/gems/2.4.0/gems/thor-0.19.1/lib/thor/base.rb:440:in `start'
E, [2017-05-12T12:30:20.659874 #8269] ERROR -- Kitchen: /home/gleb/.rbenv/versions/2.4.0/lib/ruby/gems/2.4.0/gems/test-kitchen-1.16.0/bin/kitchen:13:in `block in <top (required)>'
E, [2017-05-12T12:30:20.659883 #8269] ERROR -- Kitchen: /home/gleb/.rbenv/versions/2.4.0/lib/ruby/gems/2.4.0/gems/test-kitchen-1.16.0/lib/kitchen/errors.rb:171:in `with_friendly_errors'
E, [2017-05-12T12:30:20.659892 #8269] ERROR -- Kitchen: /home/gleb/.rbenv/versions/2.4.0/lib/ruby/gems/2.4.0/gems/test-kitchen-1.16.0/bin/kitchen:13:in `<top (required)>'
E, [2017-05-12T12:30:20.659900 #8269] ERROR -- Kitchen: /home/gleb/.rbenv/versions/2.4.0/bin/kitchen:22:in `load'
E, [2017-05-12T12:30:20.659909 #8269] ERROR -- Kitchen: /home/gleb/.rbenv/versions/2.4.0/bin/kitchen:22:in `<main>'
E, [2017-05-12T12:30:20.659917 #8269] ERROR -- Kitchen: ----End Backtrace-----
E, [2017-05-12T12:30:20.659926 #8269] ERROR -- Kitchen: -Composite Exception--
E, [2017-05-12T12:30:20.659934 #8269] ERROR -- Kitchen: Class: Kitchen::ActionFailed
E, [2017-05-12T12:30:20.659943 #8269] ERROR -- Kitchen: Message: Failed to complete #create action: [You have requested more instances (1) than your current instance limit of 0 allows for the specified instance type. Please visit http://aws.amazon.com/contact-us/ec2-request to request an adjustment to this limit.] on cmdbuild-ubuntu
E, [2017-05-12T12:30:20.659959 #8269] ERROR -- Kitchen: ----------------------
E, [2017-05-12T12:30:20.659969 #8269] ERROR -- Kitchen: ------Backtrace-------
E, [2017-05-12T12:30:20.659978 #8269] ERROR -- Kitchen: /home/gleb/.rbenv/versions/2.4.0/lib/ruby/gems/2.4.0/gems/aws-sdk-core-2.9.16/lib/seahorse/client/plugins/raise_response_errors.rb:15:in `call'
E, [2017-05-12T12:30:20.659987 #8269] ERROR -- Kitchen: /home/gleb/.rbenv/versions/2.4.0/lib/ruby/gems/2.4.0/gems/aws-sdk-core-2.9.16/lib/aws-sdk-core/plugins/jsonvalue_converter.rb:20:in `call'
E, [2017-05-12T12:30:20.659998 #8269] ERROR -- Kitchen: /home/gleb/.rbenv/versions/2.4.0/lib/ruby/gems/2.4.0/gems/aws-sdk-core-2.9.16/lib/aws-sdk-core/plugins/idempotency_token.rb:18:in `call'
E, [2017-05-12T12:30:20.660007 #8269] ERROR -- Kitchen: /home/gleb/.rbenv/versions/2.4.0/lib/ruby/gems/2.4.0/gems/aws-sdk-core-2.9.16/lib/aws-sdk-core/plugins/param_converter.rb:20:in `call'
E, [2017-05-12T12:30:20.660027 #8269] ERROR -- Kitchen: /home/gleb/.rbenv/versions/2.4.0/lib/ruby/gems/2.4.0/gems/aws-sdk-core-2.9.16/lib/seahorse/client/plugins/response_target.rb:21:in `call'
E, [2017-05-12T12:30:20.660038 #8269] ERROR -- Kitchen: /home/gleb/.rbenv/versions/2.4.0/lib/ruby/gems/2.4.0/gems/aws-sdk-core-2.9.16/lib/seahorse/client/request.rb:70:in `send_request'
E, [2017-05-12T12:30:20.660049 #8269] ERROR -- Kitchen: /home/gleb/.rbenv/versions/2.4.0/lib/ruby/gems/2.4.0/gems/aws-sdk-core-2.9.16/lib/seahorse/client/base.rb:207:in `block (2 levels) in define_operation_methods'
E, [2017-05-12T12:30:20.660060 #8269] ERROR -- Kitchen: /home/gleb/.rbenv/versions/2.4.0/lib/ruby/gems/2.4.0/gems/aws-sdk-resources-2.9.16/lib/aws-sdk-resources/request.rb:24:in `call'
E, [2017-05-12T12:30:20.660071 #8269] ERROR -- Kitchen: /home/gleb/.rbenv/versions/2.4.0/lib/ruby/gems/2.4.0/gems/aws-sdk-resources-2.9.16/lib/aws-sdk-resources/operations.rb:41:in `call'
E, [2017-05-12T12:30:20.660083 #8269] ERROR -- Kitchen: /home/gleb/.rbenv/versions/2.4.0/lib/ruby/gems/2.4.0/gems/aws-sdk-resources-2.9.16/lib/aws-sdk-resources/operations.rb:87:in `call'
E, [2017-05-12T12:30:20.660094 #8269] ERROR -- Kitchen: /home/gleb/.rbenv/versions/2.4.0/lib/ruby/gems/2.4.0/gems/aws-sdk-resources-2.9.16/lib/aws-sdk-resources/operation_methods.rb:19:in `block in add_operation'
E, [2017-05-12T12:30:20.660105 #8269] ERROR -- Kitchen: /home/gleb/.rbenv/versions/2.4.0/lib/ruby/gems/2.4.0/gems/kitchen-ec2-1.3.2/lib/kitchen/driver/aws/client.rb:103:in `create_instance'
E, [2017-05-12T12:30:20.660116 #8269] ERROR -- Kitchen: /home/gleb/.rbenv/versions/2.4.0/lib/ruby/gems/2.4.0/gems/kitchen-ec2-1.3.2/lib/kitchen/driver/ec2.rb:345:in `submit_server'
E, [2017-05-12T12:30:20.660126 #8269] ERROR -- Kitchen: /home/gleb/.rbenv/versions/2.4.0/lib/ruby/gems/2.4.0/gems/kitchen-ec2-1.3.2/lib/kitchen/driver/ec2.rb:186:in `create'
E, [2017-05-12T12:30:20.660137 #8269] ERROR -- Kitchen: /home/gleb/.rbenv/versions/2.4.0/lib/ruby/gems/2.4.0/gems/test-kitchen-1.16.0/lib/kitchen/instance.rb:460:in `public_send'
E, [2017-05-12T12:30:20.660149 #8269] ERROR -- Kitchen: /home/gleb/.rbenv/versions/2.4.0/lib/ruby/gems/2.4.0/gems/test-kitchen-1.16.0/lib/kitchen/instance.rb:460:in `block in perform_action'
E, [2017-05-12T12:30:20.660160 #8269] ERROR -- Kitchen: /home/gleb/.rbenv/versions/2.4.0/lib/ruby/gems/2.4.0/gems/test-kitchen-1.16.0/lib/kitchen/instance.rb:527:in `synchronize_or_call'
E, [2017-05-12T12:30:20.660171 #8269] ERROR -- Kitchen: /home/gleb/.rbenv/versions/2.4.0/lib/ruby/gems/2.4.0/gems/test-kitchen-1.16.0/lib/kitchen/instance.rb:489:in `block in action'
E, [2017-05-12T12:30:20.660181 #8269] ERROR -- Kitchen: /home/gleb/.rbenv/versions/2.4.0/lib/ruby/2.4.0/benchmark.rb:293:in `measure'
E, [2017-05-12T12:30:20.660192 #8269] ERROR -- Kitchen: /home/gleb/.rbenv/versions/2.4.0/lib/ruby/gems/2.4.0/gems/test-kitchen-1.16.0/lib/kitchen/instance.rb:488:in `action'
E, [2017-05-12T12:30:20.660203 #8269] ERROR -- Kitchen: /home/gleb/.rbenv/versions/2.4.0/lib/ruby/gems/2.4.0/gems/test-kitchen-1.16.0/lib/kitchen/instance.rb:460:in `perform_action'
E, [2017-05-12T12:30:20.660217 #8269] ERROR -- Kitchen: /home/gleb/.rbenv/versions/2.4.0/lib/ruby/gems/2.4.0/gems/test-kitchen-1.16.0/lib/kitchen/instance.rb:370:in `create_action'
E, [2017-05-12T12:30:20.660241 #8269] ERROR -- Kitchen: /home/gleb/.rbenv/versions/2.4.0/lib/ruby/gems/2.4.0/gems/test-kitchen-1.16.0/lib/kitchen/instance.rb:359:in `block in transition_to'
E, [2017-05-12T12:30:20.660253 #8269] ERROR -- Kitchen: /home/gleb/.rbenv/versions/2.4.0/lib/ruby/gems/2.4.0/gems/test-kitchen-1.16.0/lib/kitchen/instance.rb:358:in `each'
E, [2017-05-12T12:30:20.660264 #8269] ERROR -- Kitchen: /home/gleb/.rbenv/versions/2.4.0/lib/ruby/gems/2.4.0/gems/test-kitchen-1.16.0/lib/kitchen/instance.rb:358:in `transition_to'
E, [2017-05-12T12:30:20.660274 #8269] ERROR -- Kitchen: /home/gleb/.rbenv/versions/2.4.0/lib/ruby/gems/2.4.0/gems/test-kitchen-1.16.0/lib/kitchen/instance.rb:157:in `verify'
E, [2017-05-12T12:30:20.660284 #8269] ERROR -- Kitchen: /home/gleb/.rbenv/versions/2.4.0/lib/ruby/gems/2.4.0/gems/test-kitchen-1.16.0/lib/kitchen/command.rb:197:in `public_send'
E, [2017-05-12T12:30:20.660295 #8269] ERROR -- Kitchen: /home/gleb/.rbenv/versions/2.4.0/lib/ruby/gems/2.4.0/gems/test-kitchen-1.16.0/lib/kitchen/command.rb:197:in `run_action_in_thread'
E, [2017-05-12T12:30:20.660305 #8269] ERROR -- Kitchen: /home/gleb/.rbenv/versions/2.4.0/lib/ruby/gems/2.4.0/gems/test-kitchen-1.16.0/lib/kitchen/command.rb:169:in `block (2 levels) in run_action'
E, [2017-05-12T12:30:20.660316 #8269] ERROR -- Kitchen: ----End Backtrace-----
E, [2017-05-12T12:30:20.660326 #8269] ERROR -- Kitchen: ---Nested Exception---
E, [2017-05-12T12:30:20.660336 #8269] ERROR -- Kitchen: Class: Kitchen::ActionFailed
E, [2017-05-12T12:30:20.660346 #8269] ERROR -- Kitchen: Message: Failed to complete #create action: [You have requested more instances (1) than your current instance limit of 0 allows for the specified instance type. Please visit http://aws.amazon.com/contact-us/ec2-request to request an adjustment to this limit.]
E, [2017-05-12T12:30:20.660361 #8269] ERROR -- Kitchen: ----------------------
E, [2017-05-12T12:30:20.660372 #8269] ERROR -- Kitchen: ------Backtrace-------
E, [2017-05-12T12:30:20.660382 #8269] ERROR -- Kitchen: /home/gleb/.rbenv/versions/2.4.0/lib/ruby/gems/2.4.0/gems/aws-sdk-core-2.9.16/lib/seahorse/client/plugins/raise_response_errors.rb:15:in `call'
E, [2017-05-12T12:30:20.660393 #8269] ERROR -- Kitchen: /home/gleb/.rbenv/versions/2.4.0/lib/ruby/gems/2.4.0/gems/aws-sdk-core-2.9.16/lib/aws-sdk-core/plugins/jsonvalue_converter.rb:20:in `call'
E, [2017-05-12T12:30:20.660403 #8269] ERROR -- Kitchen: /home/gleb/.rbenv/versions/2.4.0/lib/ruby/gems/2.4.0/gems/aws-sdk-core-2.9.16/lib/aws-sdk-core/plugins/idempotency_token.rb:18:in `call'
E, [2017-05-12T12:30:20.660414 #8269] ERROR -- Kitchen: /home/gleb/.rbenv/versions/2.4.0/lib/ruby/gems/2.4.0/gems/aws-sdk-core-2.9.16/lib/aws-sdk-core/plugins/param_converter.rb:20:in `call'
E, [2017-05-12T12:30:20.660425 #8269] ERROR -- Kitchen: /home/gleb/.rbenv/versions/2.4.0/lib/ruby/gems/2.4.0/gems/aws-sdk-core-2.9.16/lib/seahorse/client/plugins/response_target.rb:21:in `call'
E, [2017-05-12T12:30:20.660435 #8269] ERROR -- Kitchen: /home/gleb/.rbenv/versions/2.4.0/lib/ruby/gems/2.4.0/gems/aws-sdk-core-2.9.16/lib/seahorse/client/request.rb:70:in `send_request'
E, [2017-05-12T12:30:20.660446 #8269] ERROR -- Kitchen: /home/gleb/.rbenv/versions/2.4.0/lib/ruby/gems/2.4.0/gems/aws-sdk-core-2.9.16/lib/seahorse/client/base.rb:207:in `block (2 levels) in define_operation_methods'
E, [2017-05-12T12:30:20.660456 #8269] ERROR -- Kitchen: /home/gleb/.rbenv/versions/2.4.0/lib/ruby/gems/2.4.0/gems/aws-sdk-resources-2.9.16/lib/aws-sdk-resources/request.rb:24:in `call'
E, [2017-05-12T12:30:20.660466 #8269] ERROR -- Kitchen: /home/gleb/.rbenv/versions/2.4.0/lib/ruby/gems/2.4.0/gems/aws-sdk-resources-2.9.16/lib/aws-sdk-resources/operations.rb:41:in `call'
E, [2017-05-12T12:30:20.660477 #8269] ERROR -- Kitchen: /home/gleb/.rbenv/versions/2.4.0/lib/ruby/gems/2.4.0/gems/aws-sdk-resources-2.9.16/lib/aws-sdk-resources/operations.rb:87:in `call'
E, [2017-05-12T12:30:20.660490 #8269] ERROR -- Kitchen: /home/gleb/.rbenv/versions/2.4.0/lib/ruby/gems/2.4.0/gems/aws-sdk-resources-2.9.16/lib/aws-sdk-resources/operation_methods.rb:19:in `block in add_operation'
E, [2017-05-12T12:30:20.660502 #8269] ERROR -- Kitchen: /home/gleb/.rbenv/versions/2.4.0/lib/ruby/gems/2.4.0/gems/kitchen-ec2-1.3.2/lib/kitchen/driver/aws/client.rb:103:in `create_instance'
E, [2017-05-12T12:30:20.660513 #8269] ERROR -- Kitchen: /home/gleb/.rbenv/versions/2.4.0/lib/ruby/gems/2.4.0/gems/kitchen-ec2-1.3.2/lib/kitchen/driver/ec2.rb:345:in `submit_server'
E, [2017-05-12T12:30:20.660524 #8269] ERROR -- Kitchen: /home/gleb/.rbenv/versions/2.4.0/lib/ruby/gems/2.4.0/gems/kitchen-ec2-1.3.2/lib/kitchen/driver/ec2.rb:186:in `create'
E, [2017-05-12T12:30:20.660534 #8269] ERROR -- Kitchen: /home/gleb/.rbenv/versions/2.4.0/lib/ruby/gems/2.4.0/gems/test-kitchen-1.16.0/lib/kitchen/instance.rb:460:in `public_send'
E, [2017-05-12T12:30:20.660545 #8269] ERROR -- Kitchen: /home/gleb/.rbenv/versions/2.4.0/lib/ruby/gems/2.4.0/gems/test-kitchen-1.16.0/lib/kitchen/instance.rb:460:in `block in perform_action'
E, [2017-05-12T12:30:20.660556 #8269] ERROR -- Kitchen: /home/gleb/.rbenv/versions/2.4.0/lib/ruby/gems/2.4.0/gems/test-kitchen-1.16.0/lib/kitchen/instance.rb:527:in `synchronize_or_call'
E, [2017-05-12T12:30:20.660567 #8269] ERROR -- Kitchen: /home/gleb/.rbenv/versions/2.4.0/lib/ruby/gems/2.4.0/gems/test-kitchen-1.16.0/lib/kitchen/instance.rb:489:in `block in action'
E, [2017-05-12T12:30:20.660594 #8269] ERROR -- Kitchen: /home/gleb/.rbenv/versions/2.4.0/lib/ruby/2.4.0/benchmark.rb:293:in `measure'
E, [2017-05-12T12:30:20.660606 #8269] ERROR -- Kitchen: /home/gleb/.rbenv/versions/2.4.0/lib/ruby/gems/2.4.0/gems/test-kitchen-1.16.0/lib/kitchen/instance.rb:488:in `action'
E, [2017-05-12T12:30:20.660617 #8269] ERROR -- Kitchen: /home/gleb/.rbenv/versions/2.4.0/lib/ruby/gems/2.4.0/gems/test-kitchen-1.16.0/lib/kitchen/instance.rb:460:in `perform_action'
E, [2017-05-12T12:30:20.660628 #8269] ERROR -- Kitchen: /home/gleb/.rbenv/versions/2.4.0/lib/ruby/gems/2.4.0/gems/test-kitchen-1.16.0/lib/kitchen/instance.rb:370:in `create_action'
E, [2017-05-12T12:30:20.660639 #8269] ERROR -- Kitchen: /home/gleb/.rbenv/versions/2.4.0/lib/ruby/gems/2.4.0/gems/test-kitchen-1.16.0/lib/kitchen/instance.rb:359:in `block in transition_to'
E, [2017-05-12T12:30:20.660649 #8269] ERROR -- Kitchen: /home/gleb/.rbenv/versions/2.4.0/lib/ruby/gems/2.4.0/gems/test-kitchen-1.16.0/lib/kitchen/instance.rb:358:in `each'
E, [2017-05-12T12:30:20.660660 #8269] ERROR -- Kitchen: /home/gleb/.rbenv/versions/2.4.0/lib/ruby/gems/2.4.0/gems/test-kitchen-1.16.0/lib/kitchen/instance.rb:358:in `transition_to'
E, [2017-05-12T12:30:20.660670 #8269] ERROR -- Kitchen: /home/gleb/.rbenv/versions/2.4.0/lib/ruby/gems/2.4.0/gems/test-kitchen-1.16.0/lib/kitchen/instance.rb:157:in `verify'
E, [2017-05-12T12:30:20.660680 #8269] ERROR -- Kitchen: /home/gleb/.rbenv/versions/2.4.0/lib/ruby/gems/2.4.0/gems/test-kitchen-1.16.0/lib/kitchen/command.rb:197:in `public_send'
E, [2017-05-12T12:30:20.660691 #8269] ERROR -- Kitchen: /home/gleb/.rbenv/versions/2.4.0/lib/ruby/gems/2.4.0/gems/test-kitchen-1.16.0/lib/kitchen/command.rb:197:in `run_action_in_thread'
E, [2017-05-12T12:30:20.660701 #8269] ERROR -- Kitchen: /home/gleb/.rbenv/versions/2.4.0/lib/ruby/gems/2.4.0/gems/test-kitchen-1.16.0/lib/kitchen/command.rb:169:in `block (2 levels) in run_action'
E, [2017-05-12T12:30:20.660712 #8269] ERROR -- Kitchen: ----End Backtrace-----
